TN:
SF:/home/christian/Desktop/Speciale/Implementation-Two/src/proof_systems/discrete_log_knowledege_proof.rs
FN:20,to_string
FN:37,new
FN:45,prove
FN:62,verify
FNF:4
FNDA:1,to_string
FNDA:1,new
FNDA:1,prove
FNDA:4,verify
DA:20,1
DA:21,1
DA:37,1
DA:38,3
DA:45,1
DA:46,6
DA:47,4
DA:48,2
DA:50,4
DA:51,3
DA:53,4
DA:55,4
DA:62,4
DA:63,8
DA:65,4
DA:67,4
DA:69,4
DA:71,4
LF:18
LH:18
end_of_record
TN:
SF:/home/christian/Desktop/Speciale/Implementation-Two/src/proof_systems/proof_system_gm17.rs
FN:20,new
FN:29,{closure#0}
FN:37,setup
FN:63,prove
FN:81,verify
FN:103,generate_constraints<ark_ff::fields::models::Fp256<ark_bls12_377::fields::fr::FrParameters>>
FN:107,{closure#0}<ark_ff::fields::models::Fp256<ark_bls12_377::fields::fr::FrParameters>>
FN:111,{closure#1}<ark_ff::fields::models::Fp256<ark_bls12_377::fields::fr::FrParameters>>
FN:121,{closure#2}<ark_ff::fields::models::Fp256<ark_bls12_377::fields::fr::FrParameters>>
FN:126,{closure#3}<ark_ff::fields::models::Fp256<ark_bls12_377::fields::fr::FrParameters>>
FN:130,{closure#4}<ark_ff::fields::models::Fp256<ark_bls12_377::fields::fr::FrParameters>>
FN:134,{closure#5}<ark_ff::fields::models::Fp256<ark_bls12_377::fields::fr::FrParameters>>
FN:142,{closure#6}<ark_ff::fields::models::Fp256<ark_bls12_377::fields::fr::FrParameters>>
FN:146,{closure#7}<ark_ff::fields::models::Fp256<ark_bls12_377::fields::fr::FrParameters>>
FN:150,{closure#8}<ark_ff::fields::models::Fp256<ark_bls12_377::fields::fr::FrParameters>>
FN:154,{closure#9}<ark_ff::fields::models::Fp256<ark_bls12_377::fields::fr::FrParameters>>
FN:168,{closure#10}<ark_ff::fields::models::Fp256<ark_bls12_377::fields::fr::FrParameters>>
FN:173,{closure#11}<ark_ff::fields::models::Fp256<ark_bls12_377::fields::fr::FrParameters>>
FN:181,{closure#12}<ark_ff::fields::models::Fp256<ark_bls12_377::fields::fr::FrParameters>>
FN:186,{closure#13}<ark_ff::fields::models::Fp256<ark_bls12_377::fields::fr::FrParameters>>
FN:198,{closure#14}<ark_ff::fields::models::Fp256<ark_bls12_377::fields::fr::FrParameters>>
FN:208,{closure#15}<ark_ff::fields::models::Fp256<ark_bls12_377::fields::fr::FrParameters>>
FN:210,{closure#16}<ark_ff::fields::models::Fp256<ark_bls12_377::fields::fr::FrParameters>>
FNF:23
FNDA:4,new
FNDA:12,{closure#0}
FNDA:4,setup
FNDA:1,prove
FNDA:1,verify
FNDA:1,generate_constraints<ark_ff::fields::models::Fp256<ark_bls12_377::fields::fr::FrParameters>>
FNDA:5,{closure#0}<ark_ff::fields::models::Fp256<ark_bls12_377::fields::fr::FrParameters>>
FNDA:4,{closure#1}<ark_ff::fields::models::Fp256<ark_bls12_377::fields::fr::FrParameters>>
FNDA:3,{closure#2}<ark_ff::fields::models::Fp256<ark_bls12_377::fields::fr::FrParameters>>
FNDA:3,{closure#3}<ark_ff::fields::models::Fp256<ark_bls12_377::fields::fr::FrParameters>>
FNDA:3,{closure#4}<ark_ff::fields::models::Fp256<ark_bls12_377::fields::fr::FrParameters>>
FNDA:3,{closure#5}<ark_ff::fields::models::Fp256<ark_bls12_377::fields::fr::FrParameters>>
FNDA:2,{closure#6}<ark_ff::fields::models::Fp256<ark_bls12_377::fields::fr::FrParameters>>
FNDA:3,{closure#7}<ark_ff::fields::models::Fp256<ark_bls12_377::fields::fr::FrParameters>>
FNDA:2,{closure#8}<ark_ff::fields::models::Fp256<ark_bls12_377::fields::fr::FrParameters>>
FNDA:3,{closure#9}<ark_ff::fields::models::Fp256<ark_bls12_377::fields::fr::FrParameters>>
FNDA:4,{closure#10}<ark_ff::fields::models::Fp256<ark_bls12_377::fields::fr::FrParameters>>
FNDA:3,{closure#11}<ark_ff::fields::models::Fp256<ark_bls12_377::fields::fr::FrParameters>>
FNDA:3,{closure#12}<ark_ff::fields::models::Fp256<ark_bls12_377::fields::fr::FrParameters>>
FNDA:4,{closure#13}<ark_ff::fields::models::Fp256<ark_bls12_377::fields::fr::FrParameters>>
FNDA:3,{closure#14}<ark_ff::fields::models::Fp256<ark_bls12_377::fields::fr::FrParameters>>
FNDA:4,{closure#15}<ark_ff::fields::models::Fp256<ark_bls12_377::fields::fr::FrParameters>>
FNDA:6,{closure#16}<ark_ff::fields::models::Fp256<ark_bls12_377::fields::fr::FrParameters>>
DA:20,4
DA:21,4
DA:23,4
DA:25,1
DA:28,4
DA:29,12
DA:30,4
DA:31,4
DA:33,4
DA:37,4
DA:39,4
DA:40,8
DA:41,4
DA:43,4
DA:49,4
DA:50,4
DA:51,4
DA:54,4
DA:58,1
DA:60,1
DA:63,1
DA:64,1
DA:65,1
DA:68,1
DA:70,1
DA:71,1
DA:72,1
DA:76,1
DA:81,1
DA:82,1
DA:85,2
DA:103,1
DA:104,4
DA:107,5
DA:110,1
DA:111,4
DA:113,1
DA:114,3
DA:115,1
DA:117,2
DA:119,1
DA:120,1
DA:121,3
DA:122,3
DA:125,1
DA:126,3
DA:130,3
DA:131,1
DA:132,1
DA:134,3
DA:138,2
DA:142,2
DA:143,1
DA:144,1
DA:146,3
DA:150,2
DA:151,1
DA:152,1
DA:154,3
DA:156,4
DA:157,3
DA:158,3
DA:159,4
DA:163,4
DA:164,2
DA:165,1
DA:168,4
DA:169,1
DA:170,1
DA:173,3
DA:175,3
DA:177,8
DA:178,4
DA:181,3
DA:182,2
DA:183,2
DA:184,1
DA:186,4
DA:189,5
DA:190,4
DA:191,3
DA:192,4
DA:198,3
DA:199,2
DA:200,2
DA:201,2
DA:202,1
DA:205,5
DA:208,4
DA:210,6
DA:213,5
DA:214,4
DA:215,3
DA:216,4
DA:220,2
DA:221,2
DA:224,1
DA:225,2
DA:228,3
LF:99
LH:99
end_of_record
TN:
SF:/home/christian/Desktop/Speciale/Implementation-Two/src/proof_systems/range_proof.rs
FN:19,new
FN:28,prove
FN:52,verify
FNF:3
FNDA:2,new
FNDA:4,prove
FNDA:1,verify
DA:19,2
DA:21,2
DA:22,2
DA:28,4
DA:30,3
DA:31,2
DA:33,2
DA:35,1
DA:36,2
DA:38,1
DA:41,1
DA:49,1
DA:52,1
DA:54,1
DA:55,2
DA:57,1
DA:59,1
LF:17
LH:17
end_of_record
TN:
SF:/home/christian/Desktop/Speciale/Implementation-Two/src/protocols/burmester_desmedt/key_exchange.rs
FN:23,round1
FN:31,round2
FN:39,compute_key
FN:56,key_exchange
FNF:4
FNDA:1,round1
FNDA:1,round2
FNDA:1,compute_key
FNDA:1,key_exchange
DA:23,1
DA:24,1
DA:25,1
DA:27,1
DA:31,1
DA:32,1
DA:33,1
DA:39,1
DA:40,1
DA:42,1
DA:43,1
DA:44,1
DA:46,2
DA:47,1
DA:48,2
DA:56,1
DA:57,1
DA:58,1
DA:61,1
DA:62,3
DA:63,1
DA:65,1
DA:66,1
DA:71,1
DA:72,3
DA:73,1
DA:74,1
DA:77,1
DA:78,3
DA:79,1
DA:80,1
DA:83,1
DA:84,3
DA:85,1
DA:86,1
LF:35
LH:35
end_of_record
TN:
SF:/home/christian/Desktop/Speciale/Implementation-Two/src/protocols/compiler_bp_wake/compiler_bp_wake_protocol.rs
FN:32,new
FN:36,to_string
FN:73,new
FN:86,round_1
FN:93,round1_recieve
FN:94,{closure#0}
FN:102,round_2
FN:122,round_3
FN:140,round_recieve
FN:176,compute_key
FN:196,setup_parties
FN:242,run_compiler_key_exchange
FNF:12
FNDA:1,new
FNDA:1,to_string
FNDA:1,new
FNDA:1,round_1
FNDA:1,round1_recieve
FNDA:3,{closure#0}
FNDA:1,round_2
FNDA:1,round_3
FNDA:1,round_recieve
FNDA:1,compute_key
FNDA:1,setup_parties
FNDA:1,run_compiler_key_exchange
DA:32,1
DA:33,1
DA:36,1
DA:37,1
DA:39,3
DA:40,1
DA:73,1
DA:74,1
DA:80,1
DA:81,1
DA:86,1
DA:87,1
DA:89,1
DA:93,1
DA:94,3
DA:96,1
DA:98,1
DA:102,1
DA:103,1
DA:104,1
DA:106,1
DA:107,1
DA:109,1
DA:112,1
DA:113,1
DA:114,1
DA:115,1
DA:118,1
DA:122,1
DA:123,1
DA:124,1
DA:125,1
DA:127,1
DA:130,1
DA:131,1
DA:132,1
DA:133,1
DA:136,1
DA:140,1
DA:142,2
DA:143,0
DA:147,3
DA:148,1
DA:152,1
DA:155,1
DA:156,0
DA:160,3
DA:161,0
DA:165,1
DA:166,2
DA:167,1
DA:168,2
DA:169,0
DA:172,1
DA:176,1
DA:177,1
DA:179,1
DA:180,1
DA:181,1
DA:183,2
DA:184,1
DA:185,2
DA:196,1
DA:198,2
DA:199,1
DA:203,2
DA:204,1
DA:208,1
DA:211,1
DA:214,1
DA:217,3
DA:219,1
DA:220,1
DA:224,1
DA:225,1
DA:228,1
DA:229,1
DA:233,1
DA:234,3
DA:235,2
DA:238,1
DA:242,1
DA:243,1
DA:244,1
DA:245,1
DA:247,2
DA:250,1
DA:251,3
DA:252,1
DA:253,1
DA:257,3
DA:258,1
DA:262,1
DA:263,1
DA:264,3
DA:265,1
DA:266,1
DA:267,1
DA:269,3
DA:270,1
DA:271,1
DA:272,0
DA:277,1
DA:278,1
DA:279,3
DA:280,1
DA:281,1
DA:282,1
DA:284,3
DA:285,1
DA:286,1
DA:287,1
DA:288,0
DA:293,1
DA:294,3
DA:295,1
DA:296,1
DA:299,1
LF:118
LH:112
end_of_record
TN:
SF:/home/christian/Desktop/Speciale/Implementation-Two/src/protocols/compiler_bp_wake/compiler_bp_wake_signature.rs
FN:23,new
FN:27,to_string
FN:44,sign
FN:58,verify_signature
FNF:4
FNDA:1,new
FNDA:1,to_string
FNDA:1,sign
FNDA:1,verify_signature
DA:23,1
DA:24,1
DA:27,1
DA:28,1
DA:44,1
DA:47,1
DA:48,2
DA:51,1
DA:58,1
DA:59,2
LF:10
LH:10
end_of_record
TN:
SF:/home/christian/Desktop/Speciale/Implementation-Two/src/protocols/compiler_gm17_wake/compiler_gm17_wake_protocol.rs
FN:29,new
FN:33,to_string
FN:73,new
FN:89,round_1
FN:96,round1_recieve
FN:97,{closure#0}
FN:105,round_2
FN:128,round_3
FN:149,round_recieve
FN:188,compute_key
FN:208,setup_parties
FN:252,run_compiler_key_exchange
FNF:12
FNDA:1,new
FNDA:1,to_string
FNDA:1,new
FNDA:1,round_1
FNDA:1,round1_recieve
FNDA:3,{closure#0}
FNDA:1,round_2
FNDA:1,round_3
FNDA:1,round_recieve
FNDA:1,compute_key
FNDA:2,setup_parties
FNDA:2,run_compiler_key_exchange
DA:29,1
DA:30,1
DA:33,1
DA:34,1
DA:36,3
DA:37,1
DA:73,1
DA:74,1
DA:83,1
DA:84,1
DA:89,1
DA:90,1
DA:92,1
DA:96,1
DA:97,3
DA:99,1
DA:101,1
DA:105,1
DA:106,1
DA:107,1
DA:109,1
DA:110,1
DA:112,1
DA:115,1
DA:116,1
DA:117,1
DA:118,1
DA:119,1
DA:121,1
DA:124,1
DA:128,1
DA:129,1
DA:130,1
DA:131,1
DA:133,1
DA:136,1
DA:137,1
DA:138,1
DA:139,1
DA:140,1
DA:142,1
DA:145,1
DA:149,1
DA:151,2
DA:152,0
DA:156,3
DA:157,1
DA:161,1
DA:164,1
DA:165,0
DA:169,3
DA:170,0
DA:174,3
DA:175,1
DA:176,1
DA:177,1
DA:178,1
DA:180,1
DA:181,0
DA:184,1
DA:188,1
DA:189,1
DA:191,1
DA:192,1
DA:193,1
DA:195,2
DA:196,1
DA:197,2
DA:208,2
DA:210,4
DA:211,1
DA:215,2
DA:216,1
DA:220,1
DA:223,1
DA:226,3
DA:228,1
DA:229,1
DA:233,1
DA:234,1
DA:237,1
DA:238,1
DA:239,1
DA:243,1
DA:244,3
DA:245,1
DA:248,1
DA:252,2
DA:253,2
DA:254,2
DA:255,2
DA:257,3
DA:260,1
DA:261,3
DA:262,1
DA:263,1
DA:267,3
DA:268,1
DA:272,1
DA:273,1
DA:274,3
DA:275,1
DA:276,1
DA:277,1
DA:279,3
DA:280,1
DA:281,1
DA:282,0
DA:287,1
DA:288,1
DA:289,3
DA:290,1
DA:291,1
DA:292,1
DA:294,3
DA:295,1
DA:296,1
DA:297,0
DA:302,1
DA:303,3
DA:304,1
DA:305,1
DA:308,1
LF:123
LH:117
end_of_record
TN:
SF:/home/christian/Desktop/Speciale/Implementation-Two/src/protocols/compiler_gm17_wake/compiler_gm17_wake_signature.rs
FN:24,new
FN:28,to_string
FN:45,sign
FN:55,verify_signature
FNF:4
FNDA:1,new
FNDA:1,to_string
FNDA:1,sign
FNDA:1,verify_signature
DA:24,1
DA:25,1
DA:28,1
DA:29,1
DA:45,1
DA:47,2
DA:49,1
DA:50,1
DA:55,1
DA:56,2
LF:10
LH:10
end_of_record
TN:
SF:/home/christian/Desktop/Speciale/Implementation-Two/src/protocols/optimized_bp_wake/optimized_bp_wake_protocol.rs
FN:30,new
FN:34,to_string
FN:69,new
FN:85,round_1
FN:96,round_2
FN:126,verify_round_2_outputs
FN:153,compute_key
FN:172,setup_parties
FN:220,run_optimized_key_exchange
FNF:9
FNDA:1,new
FNDA:1,to_string
FNDA:1,new
FNDA:1,round_1
FNDA:1,round_2
FNDA:1,verify_round_2_outputs
FNDA:1,compute_key
FNDA:1,setup_parties
FNDA:1,run_optimized_key_exchange
DA:30,1
DA:31,1
DA:34,1
DA:35,1
DA:37,3
DA:38,1
DA:69,1
DA:70,1
DA:79,1
DA:80,1
DA:85,1
DA:86,1
DA:88,1
DA:90,1
DA:92,1
DA:96,1
DA:98,3
DA:99,4
DA:101,1
DA:102,1
DA:105,1
DA:106,1
DA:109,1
DA:110,1
DA:114,1
DA:115,1
DA:116,1
DA:117,1
DA:118,2
DA:119,1
DA:120,2
DA:122,1
DA:126,1
DA:128,3
DA:129,1
DA:132,1
DA:135,2
DA:136,1
DA:137,0
DA:141,2
DA:142,1
DA:143,1
DA:144,2
DA:145,1
DA:146,0
DA:149,1
DA:153,1
DA:154,1
DA:156,1
DA:157,1
DA:159,1
DA:160,2
DA:161,1
DA:162,2
DA:172,1
DA:174,2
DA:175,1
DA:179,2
DA:180,1
DA:184,1
DA:187,1
DA:190,1
DA:193,3
DA:195,1
DA:196,1
DA:200,1
DA:201,1
DA:204,1
DA:205,1
DA:209,1
DA:210,3
DA:211,2
DA:214,1
DA:220,1
DA:221,1
DA:222,1
DA:223,1
DA:225,2
DA:228,1
DA:229,1
DA:230,3
DA:231,1
DA:232,1
DA:233,1
DA:237,1
DA:238,1
DA:239,3
DA:240,1
DA:241,2
DA:242,1
DA:246,3
DA:247,1
DA:248,1
DA:249,0
DA:254,1
DA:255,3
DA:256,1
DA:257,1
DA:260,1
LF:99
LH:96
end_of_record
TN:
SF:/home/christian/Desktop/Speciale/Implementation-Two/src/protocols/optimized_bp_wake/optimized_bp_wake_signature_and_session_authentication.rs
FN:24,new
FN:28,to_string
FN:46,sign
FN:63,verify_signature
FNF:4
FNDA:1,new
FNDA:1,to_string
FNDA:1,sign
FNDA:1,verify_signature
DA:24,1
DA:25,1
DA:28,1
DA:29,1
DA:46,1
DA:48,1
DA:49,1
DA:52,1
DA:53,2
DA:56,1
DA:63,1
DA:64,2
DA:65,1
DA:66,1
LF:14
LH:14
end_of_record
TN:
SF:/home/christian/Desktop/Speciale/Implementation-Two/src/protocols/optimized_gm17_wake/optimized_gm17_wake_protocol.rs
FN:30,new
FN:34,to_string
FN:74,new
FN:90,round_1
FN:101,round_2
FN:135,verify_all_round_2_outputs
FN:160,compute_key
FN:179,setup_parties
FN:221,run_optimized_key_exchange
FNF:9
FNDA:1,new
FNDA:1,to_string
FNDA:1,new
FNDA:1,round_1
FNDA:1,round_2
FNDA:1,verify_all_round_2_outputs
FNDA:1,compute_key
FNDA:1,setup_parties
FNDA:1,run_optimized_key_exchange
DA:30,1
DA:31,1
DA:34,1
DA:35,1
DA:37,3
DA:38,1
DA:74,1
DA:75,1
DA:84,1
DA:85,1
DA:90,1
DA:91,1
DA:93,1
DA:95,1
DA:97,1
DA:101,1
DA:103,3
DA:104,4
DA:106,1
DA:107,1
DA:110,1
DA:111,1
DA:114,1
DA:115,1
DA:119,1
DA:120,2
DA:121,1
DA:122,1
DA:123,1
DA:124,1
DA:125,2
DA:126,1
DA:128,1
DA:131,1
DA:135,1
DA:137,3
DA:138,1
DA:141,1
DA:144,2
DA:145,1
DA:146,0
DA:150,2
DA:151,1
DA:152,1
DA:153,0
DA:156,1
DA:160,1
DA:161,1
DA:163,1
DA:164,1
DA:166,1
DA:167,2
DA:168,1
DA:169,2
DA:179,1
DA:181,2
DA:182,1
DA:186,2
DA:187,1
DA:191,1
DA:194,1
DA:197,3
DA:198,1
DA:199,1
DA:201,1
DA:202,1
DA:204,1
DA:205,1
DA:206,1
DA:210,1
DA:211,3
DA:212,1
DA:215,1
DA:221,1
DA:222,1
DA:223,1
DA:224,1
DA:226,2
DA:229,1
DA:230,1
DA:231,3
DA:232,1
DA:233,1
DA:234,1
DA:238,1
DA:239,1
DA:240,3
DA:241,1
DA:242,2
DA:243,1
DA:247,3
DA:248,1
DA:249,1
DA:250,0
DA:255,1
DA:256,3
DA:257,1
DA:258,1
DA:261,1
LF:99
LH:96
end_of_record
TN:
SF:/home/christian/Desktop/Speciale/Implementation-Two/src/protocols/optimized_gm17_wake/optimized_gm17_wake_signature_and_session_authentication.rs
FN:27,new
FN:31,to_string
FN:49,sign
FN:66,verify_signature
FNF:4
FNDA:1,new
FNDA:1,to_string
FNDA:1,sign
FNDA:1,verify_signature
DA:27,1
DA:28,1
DA:31,1
DA:32,1
DA:49,1
DA:51,1
DA:52,1
DA:55,1
DA:56,1
DA:59,1
DA:66,1
DA:67,1
DA:69,1
DA:71,1
LF:14
LH:14
end_of_record
TN:
SF:/home/christian/Desktop/Speciale/Implementation-Two/src/utility.rs
FN:15,setup_gm17_single_party
FN:30,setup_gm17
FN:51,upperbound_log
FN:73,find_prev_idx
FN:81,ristretto_to_string
FN:88,compressed_ristretto_to_string
FN:95,scalar_to_string
FN:102,get_adjacent_elements
FN:116,hash_string_to_scalar
FN:122,hash_string
FN:132,hash_string_to_fr
FN:147,fr_to_bits<ark_ff::fields::models::Fp256<ark_bls12_377::fields::fr::FrParameters>>
FN:162,mimc<ark_ff::fields::models::Fp256<ark_bls12_377::fields::fr::FrParameters>>
FNF:13
FNDA:0,setup_gm17_single_party
FNDA:1,setup_gm17
FNDA:4,upperbound_log
FNDA:1,find_prev_idx
FNDA:3,ristretto_to_string
FNDA:3,compressed_ristretto_to_string
FNDA:1,scalar_to_string
FNDA:1,get_adjacent_elements
FNDA:4,hash_string_to_scalar
FNDA:1,hash_string
FNDA:1,hash_string_to_fr
FNDA:1,fr_to_bits<ark_ff::fields::models::Fp256<ark_bls12_377::fields::fr::FrParameters>>
FNDA:1,mimc<ark_ff::fields::models::Fp256<ark_bls12_377::fields::fr::FrParameters>>
DA:15,0
DA:16,0
DA:18,0
DA:19,0
DA:20,0
DA:23,0
DA:25,0
DA:30,1
DA:31,1
DA:33,1
DA:34,1
DA:35,1
DA:38,1
DA:39,1
DA:41,3
DA:42,1
DA:43,1
DA:44,1
DA:47,1
DA:51,4
DA:52,4
DA:53,4
DA:54,4
DA:55,4
DA:56,4
DA:58,1
DA:59,1
DA:61,1
DA:62,1
DA:64,1
DA:65,1
DA:68,1
DA:73,1
DA:74,1
DA:75,2
DA:77,1
DA:81,3
DA:82,3
DA:84,4
DA:88,3
DA:89,4
DA:90,3
DA:95,1
DA:96,1
DA:97,1
DA:102,1
DA:103,1
DA:105,1
DA:106,2
DA:108,1
DA:109,1
DA:112,2
DA:116,4
DA:117,8
DA:118,4
DA:122,1
DA:123,1
DA:125,1
DA:127,1
DA:129,1
DA:132,1
DA:134,1
DA:135,1
DA:136,1
DA:139,1
DA:140,1
DA:143,2
DA:147,1
DA:148,1
DA:149,1
DA:150,3
DA:151,1
DA:152,3
DA:153,1
DA:154,3
DA:155,2
DA:156,0
DA:159,0
DA:162,1
DA:163,1
DA:165,3
DA:166,1
DA:167,1
DA:168,1
DA:169,1
DA:170,1
DA:171,1
DA:172,1
DA:173,1
DA:176,1
LF:90
LH:81
end_of_record
